Job started at 11:47:49
Data Loaded! Moving on to training...
Epoch 0 complete
Train Loss: 0.8051290249824524
Test Loss: 3.9577627182006836
Epoch 1 complete
Train Loss: 0.7868475198745728
Test Loss: 3.8811192512512207
Epoch 2 complete
Train Loss: 0.7686472177505493
Test Loss: 3.7803807258605957
Epoch 3 complete
Train Loss: 0.7524966955184936
Test Loss: 3.7071619033813477
Epoch 4 complete
Train Loss: 0.7380030512809753
Test Loss: 3.626641035079956
Epoch 5 complete
Train Loss: 0.7250351929664611
Test Loss: 3.543996572494507
Epoch 6 complete
Train Loss: 0.7078512001037598
Test Loss: 3.4505884647369385
Epoch 7 complete
Train Loss: 0.6930170464515686
Test Loss: 3.4272685050964355
Epoch 8 complete
Train Loss: 0.6812080025672913
Test Loss: 3.3336260318756104
Epoch 9 complete
Train Loss: 0.6754569554328919
Test Loss: 3.6005806922912598
Epoch 10 complete
Train Loss: 0.666501145362854
Test Loss: 3.2822585105895996
Epoch 11 complete
Train Loss: 0.6616755056381226
Test Loss: 3.2049667835235596
Epoch 12 complete
Train Loss: 0.6496455717086792
Test Loss: 3.158588409423828
Epoch 13 complete
Train Loss: 0.6435529470443726
Test Loss: 3.1251091957092285
Epoch 14 complete
Train Loss: 0.630461061000824
Test Loss: 3.1543021202087402
Epoch 15 complete
Train Loss: 0.6190178656578064
Test Loss: 3.068696975708008
Epoch 16 complete
Train Loss: 0.6208535838127136
Test Loss: 3.043612241744995
Epoch 17 complete
Train Loss: 0.6125099325180053
Test Loss: 3.323481798171997
Epoch 18 complete
Train Loss: 0.6073430609703064
Test Loss: 3.0137510299682617
Epoch 19 complete
Train Loss: 0.5929849243164063
Test Loss: 2.9623496532440186
Epoch 20 complete
Train Loss: 0.5899772453308105
Test Loss: 3.0356719493865967
Epoch 21 complete
Train Loss: 0.5913163471221924
Test Loss: 2.8891689777374268
Epoch 22 complete
Train Loss: 0.576368350982666
Test Loss: 2.905782461166382
Epoch 23 complete
Train Loss: 0.5725594615936279
Test Loss: 2.8022170066833496
Epoch 24 complete
Train Loss: 0.5589698719978332
Test Loss: 2.7923178672790527
Epoch 25 complete
Train Loss: 0.562739086151123
Test Loss: 2.753988265991211
Epoch 26 complete
Train Loss: 0.5529784059524536
Test Loss: 2.8137729167938232
Epoch 27 complete
Train Loss: 0.5489562702178955
Test Loss: 2.753931999206543
Epoch 28 complete
Train Loss: 0.5507962036132813
Test Loss: 2.7658119201660156
Epoch 29 complete
Train Loss: 0.5469106578826904
Test Loss: 2.713249444961548
Epoch 30 complete
Train Loss: 0.5415692305564881
Test Loss: 2.6891016960144043
Epoch 31 complete
Train Loss: 0.5346871638298034
Test Loss: 2.6651668548583984
Epoch 32 complete
Train Loss: 0.5338045620918274
Test Loss: 2.644793748855591
Epoch 33 complete
Train Loss: 0.5300611090660096
Test Loss: 2.64121150970459
Epoch 34 complete
Train Loss: 0.5242044711112976
Test Loss: 2.586313486099243
Epoch 35 complete
Train Loss: 0.5153995633125306
Test Loss: 2.5924293994903564
Epoch 36 complete
Train Loss: 0.5160975694656372
Test Loss: 2.5930469036102295
Epoch 37 complete
Train Loss: 0.5155631566047668
Test Loss: 2.5201470851898193
Epoch 38 complete
Train Loss: 0.5183529448509216
Test Loss: 2.578144073486328
Epoch 39 complete
Train Loss: 0.5065159225463867
Test Loss: 2.5857808589935303
Epoch 40 complete
Train Loss: 0.5052152442932129
Test Loss: 2.505812406539917
Epoch 41 complete
Train Loss: 0.5023669934272766
Test Loss: 2.5231058597564697
Epoch 42 complete
Train Loss: 0.5014662599563598
Test Loss: 2.474108934402466
Epoch 43 complete
Train Loss: 0.5027731585502625
Test Loss: 2.492368459701538
Epoch 44 complete
Train Loss: 0.4930577731132507
Test Loss: 2.5156972408294678
Epoch 45 complete
Train Loss: 0.49495027542114256
Test Loss: 2.4390175342559814
Epoch 46 complete
Train Loss: 0.4894113302230835
Test Loss: 2.4359047412872314
Epoch 47 complete
Train Loss: 0.48803904056549074
Test Loss: 2.429788112640381
Epoch 48 complete
Train Loss: 0.4874761772155762
Test Loss: 2.4408981800079346
Epoch 49 complete
Train Loss: 0.4838635778427124
Test Loss: 2.3651957511901855
Epoch 50 complete
Train Loss: 0.4835059595108032
Test Loss: 2.354217052459717
Epoch 51 complete
Train Loss: 0.47735445022583006
Test Loss: 2.492687225341797
Epoch 52 complete
Train Loss: 0.47449462890625
Test Loss: 2.425899028778076
Epoch 53 complete
Train Loss: 0.47287162065505983
Test Loss: 2.4901700019836426
Epoch 54 complete
Train Loss: 0.47553358554840086
Test Loss: 2.4013912677764893
Epoch 55 complete
Train Loss: 0.47018455266952514
Test Loss: 2.326702117919922
Epoch 56 complete
Train Loss: 0.4672013974189758
Test Loss: 2.3471570014953613
Epoch 57 complete
Train Loss: 0.47256157398223875
Test Loss: 2.386226177215576
Epoch 58 complete
Train Loss: 0.4754089164733887
Test Loss: 2.337519645690918
Epoch 59 complete
Train Loss: 0.46822815656661987
Test Loss: 2.331784725189209
Epoch 60 complete
Train Loss: 0.47020840644836426
Test Loss: 2.3231685161590576
Epoch 61 complete
Train Loss: 0.4671823072433472
Test Loss: 2.310579299926758
Epoch 62 complete
Train Loss: 0.4631647992134094
Test Loss: 2.4134185314178467
Epoch 63 complete
Train Loss: 0.46431339740753175
Test Loss: 2.4047250747680664
Epoch 64 complete
Train Loss: 0.4646980977058411
Test Loss: 2.3795413970947266
Epoch 65 complete
Train Loss: 0.46333141803741457
Test Loss: 2.38399076461792
Epoch 66 complete
Train Loss: 0.4605187463760376
Test Loss: 2.361396551132202
Epoch 67 complete
Train Loss: 0.4567400908470154
Test Loss: 2.5318679809570312
Epoch 68 complete
Train Loss: 0.46473121881484986
Test Loss: 2.3626184463500977
Epoch 69 complete
Train Loss: 0.45848933935165403
Test Loss: 2.33909273147583
Epoch 70 complete
Train Loss: 0.45576776266098024
Test Loss: 2.3209707736968994
Epoch 71 complete
Train Loss: 0.4546740674972534
Test Loss: 2.3313915729522705
Epoch 72 complete
Train Loss: 0.45932297706604003
Test Loss: 2.289884090423584
Epoch 73 complete
Train Loss: 0.46211416482925416
Test Loss: 2.272674798965454
Epoch 74 complete
Train Loss: 0.4544765210151672
Test Loss: 2.3277769088745117
Epoch 75 complete
Train Loss: 0.44945382356643676
Test Loss: 2.288241386413574
Epoch 76 complete
Train Loss: 0.45552353858947753
Test Loss: 2.31115460395813
Epoch 77 complete
Train Loss: 0.453498477935791
Test Loss: 2.3085544109344482
Epoch 78 complete
Train Loss: 0.4559760093688965
Test Loss: 2.3305256366729736
Epoch 79 complete
Train Loss: 0.45950061798095704
Test Loss: 2.3119401931762695
Epoch 80 complete
Train Loss: 0.4622482681274414
Test Loss: 2.2514193058013916
Epoch 81 complete
Train Loss: 0.4489015531539917
Test Loss: 2.2704668045043945
Epoch 82 complete
Train Loss: 0.45097803115844726
Test Loss: 2.258734941482544
Epoch 83 complete
Train Loss: 0.45043070793151857
Test Loss: 2.275111675262451
Epoch 84 complete
Train Loss: 0.45032665252685544
Test Loss: 2.2754523754119873
Epoch 85 complete
Train Loss: 0.44972867488861085
Test Loss: 2.303299903869629
Epoch 86 complete
Train Loss: 0.4491455626487732
Test Loss: 2.2959933280944824
Epoch 87 complete
Train Loss: 0.45096120357513425
Test Loss: 2.2711501121520996
Epoch 88 complete
Train Loss: 0.45224812507629397
Test Loss: 2.251277446746826
Epoch 89 complete
Train Loss: 0.4486712908744812
Test Loss: 2.233191967010498
Epoch 90 complete
Train Loss: 0.4508084225654602
Test Loss: 2.3259689807891846
Epoch 91 complete
Train Loss: 0.45314951658248903
Test Loss: 2.2414462566375732
Epoch 92 complete
Train Loss: 0.44938127517700194
Test Loss: 2.304215431213379
Epoch 93 complete
Train Loss: 0.4562794613838196
Test Loss: 2.263401985168457
Epoch 94 complete
Train Loss: 0.45282276153564455
Test Loss: 2.244325876235962
Epoch 95 complete
Train Loss: 0.4457068657875061
Test Loss: 2.2003228664398193
Epoch 96 complete
Train Loss: 0.44500977993011476
Test Loss: 2.2878291606903076
Epoch 97 complete
Train Loss: 0.44809656381607055
Test Loss: 2.2315096855163574
Epoch 98 complete
Train Loss: 0.44472046494483947
Test Loss: 2.285550117492676
Epoch 99 complete
Train Loss: 0.4559066128730774
Test Loss: 2.232193946838379
Training complete! Moving on to analysis...
Analysis complete! Job complete at 11:47:49
This job took 257.95 minutes
