Job started at 16:51:30
Data Loaded! Moving on to training...
Epoch 0 complete
Train Loss: 0.160776047706604
Test Loss: 3.979112386703491
Epoch 1 complete
Train Loss: 0.15873066568374633
Test Loss: 3.9208834171295166
Epoch 2 complete
Train Loss: 0.15682674360275267
Test Loss: 3.8753178119659424
Epoch 3 complete
Train Loss: 0.15517306756973268
Test Loss: 3.846669912338257
Epoch 4 complete
Train Loss: 0.15355159187316894
Test Loss: 3.8310980796813965
Epoch 5 complete
Train Loss: 0.15283792781829833
Test Loss: 3.794978380203247
Epoch 6 complete
Train Loss: 0.15124356842041015
Test Loss: 3.7661397457122803
Epoch 7 complete
Train Loss: 0.15025317001342772
Test Loss: 3.7219674587249756
Epoch 8 complete
Train Loss: 0.14902112627029418
Test Loss: 3.7170932292938232
Epoch 9 complete
Train Loss: 0.14737008571624755
Test Loss: 3.6650140285491943
Epoch 10 complete
Train Loss: 0.14656393575668336
Test Loss: 3.6271541118621826
Epoch 11 complete
Train Loss: 0.14498473167419434
Test Loss: 3.5860753059387207
Epoch 12 complete
Train Loss: 0.144684889793396
Test Loss: 3.6014649868011475
Epoch 13 complete
Train Loss: 0.1438007869720459
Test Loss: 3.5587244033813477
Epoch 14 complete
Train Loss: 0.14249387788772583
Test Loss: 3.5232229232788086
Epoch 15 complete
Train Loss: 0.14090835142135621
Test Loss: 3.534578323364258
Epoch 16 complete
Train Loss: 0.1408594274520874
Test Loss: 3.4841079711914062
Epoch 17 complete
Train Loss: 0.1394869318008423
Test Loss: 3.4336493015289307
Epoch 18 complete
Train Loss: 0.13899296140670778
Test Loss: 3.4160332679748535
Epoch 19 complete
Train Loss: 0.13787766027450563
Test Loss: 3.418304443359375
Epoch 20 complete
Train Loss: 0.13755784559249878
Test Loss: 3.43607497215271
Epoch 21 complete
Train Loss: 0.13697094297409057
Test Loss: 3.409648895263672
Epoch 22 complete
Train Loss: 0.13592701625823975
Test Loss: 3.3296587467193604
Epoch 23 complete
Train Loss: 0.13548956298828124
Test Loss: 3.3576416969299316
Epoch 24 complete
Train Loss: 0.1350325131416321
Test Loss: 3.3789234161376953
Epoch 25 complete
Train Loss: 0.13458504581451416
Test Loss: 3.351687431335449
Epoch 26 complete
Train Loss: 0.13398705816268922
Test Loss: 3.3367018699645996
Epoch 27 complete
Train Loss: 0.13329253911972047
Test Loss: 3.325965166091919
Epoch 28 complete
Train Loss: 0.1333031530380249
Test Loss: 3.313369035720825
Epoch 29 complete
Train Loss: 0.1325803418159485
Test Loss: 3.3097379207611084
Epoch 30 complete
Train Loss: 0.1325389881134033
Test Loss: 3.2972612380981445
Epoch 31 complete
Train Loss: 0.13244630479812622
Test Loss: 3.282041549682617
Epoch 32 complete
Train Loss: 0.13123650550842286
Test Loss: 3.270303249359131
Epoch 33 complete
Train Loss: 0.1310928211212158
Test Loss: 3.258479595184326
Epoch 34 complete
Train Loss: 0.13123346471786498
Test Loss: 3.279374837875366
Epoch 35 complete
Train Loss: 0.1311641983985901
Test Loss: 3.256981611251831
Epoch 36 complete
Train Loss: 0.12981012058258057
Test Loss: 3.276350975036621
Epoch 37 complete
Train Loss: 0.1301244502067566
Test Loss: 3.2491908073425293
Epoch 38 complete
Train Loss: 0.13016983222961426
Test Loss: 3.2417490482330322
Epoch 39 complete
Train Loss: 0.1296715078353882
Test Loss: 3.2380716800689697
Epoch 40 complete
Train Loss: 0.12916234064102172
Test Loss: 3.2467706203460693
Epoch 41 complete
Train Loss: 0.12906699085235596
Test Loss: 3.2475054264068604
Epoch 42 complete
Train Loss: 0.12854225254058838
Test Loss: 3.2391421794891357
Epoch 43 complete
Train Loss: 0.12850106525421143
Test Loss: 3.2388391494750977
Epoch 44 complete
Train Loss: 0.12797366142272948
Test Loss: 3.2279152870178223
Epoch 45 complete
Train Loss: 0.12820226907730103
Test Loss: 3.221569776535034
Epoch 46 complete
Train Loss: 0.1278048596382141
Test Loss: 3.2129180431365967
Epoch 47 complete
Train Loss: 0.12766104745864867
Test Loss: 3.211648464202881
Epoch 48 complete
Train Loss: 0.12762902164459228
Test Loss: 3.2148854732513428
Epoch 49 complete
Train Loss: 0.12758586502075195
Test Loss: 3.2020485401153564
Epoch 50 complete
Train Loss: 0.12696856594085693
Test Loss: 3.1985886096954346
Epoch 51 complete
Train Loss: 0.12719737386703492
Test Loss: 3.201537609100342
Epoch 52 complete
Train Loss: 0.12658038187026976
Test Loss: 3.19730806350708
Epoch 53 complete
Train Loss: 0.12696716356277465
Test Loss: 3.1855969429016113
Epoch 54 complete
Train Loss: 0.12610919427871703
Test Loss: 3.1807775497436523
Epoch 55 complete
Train Loss: 0.1263666925430298
Test Loss: 3.185042381286621
Epoch 56 complete
Train Loss: 0.1259894561767578
Test Loss: 3.175143241882324
Epoch 57 complete
Train Loss: 0.12558604097366333
Test Loss: 3.168517827987671
Epoch 58 complete
Train Loss: 0.12560684156417848
Test Loss: 3.1648738384246826
Epoch 59 complete
Train Loss: 0.12547860813140868
Test Loss: 3.159335136413574
Epoch 60 complete
Train Loss: 0.1249122166633606
Test Loss: 3.15468168258667
Epoch 61 complete
Train Loss: 0.1251336522102356
Test Loss: 3.149186611175537
Epoch 62 complete
Train Loss: 0.12490480041503907
Test Loss: 3.1466493606567383
Epoch 63 complete
Train Loss: 0.12487175273895264
Test Loss: 3.142148733139038
Epoch 64 complete
Train Loss: 0.12450094795227051
Test Loss: 3.133740186691284
Epoch 65 complete
Train Loss: 0.12444810485839844
Test Loss: 3.1307950019836426
Epoch 66 complete
Train Loss: 0.12447606039047242
Test Loss: 3.137671947479248
Epoch 67 complete
Train Loss: 0.12433129119873047
Test Loss: 3.120769739151001
Epoch 68 complete
Train Loss: 0.1237692894935608
Test Loss: 3.128969669342041
Epoch 69 complete
Train Loss: 0.12404871940612792
Test Loss: 3.1107289791107178
Epoch 70 complete
Train Loss: 0.12385936260223389
Test Loss: 3.1059842109680176
Epoch 71 complete
Train Loss: 0.12367257070541382
Test Loss: 3.1002702713012695
Epoch 72 complete
Train Loss: 0.12377044677734375
Test Loss: 3.099513292312622
Epoch 73 complete
Train Loss: 0.12365755271911621
Test Loss: 3.107757568359375
Epoch 74 complete
Train Loss: 0.12339220142364501
Test Loss: 3.0845398902893066
Epoch 75 complete
Train Loss: 0.1232439751625061
Test Loss: 3.080831527709961
Epoch 76 complete
Train Loss: 0.12308035516738891
Test Loss: 3.0791242122650146
Epoch 77 complete
Train Loss: 0.12333700323104858
Test Loss: 3.071024179458618
Epoch 78 complete
Train Loss: 0.12304684925079346
Test Loss: 3.067993402481079
Epoch 79 complete
Train Loss: 0.12284525966644287
Test Loss: 3.0780253410339355
Epoch 80 complete
Train Loss: 0.12259440183639526
Test Loss: 3.05828857421875
Epoch 81 complete
Train Loss: 0.12261567974090576
Test Loss: 3.0547592639923096
Epoch 82 complete
Train Loss: 0.12270874547958374
Test Loss: 3.0543413162231445
Epoch 83 complete
Train Loss: 0.12249464654922486
Test Loss: 3.067028045654297
Epoch 84 complete
Train Loss: 0.12214842939376831
Test Loss: 3.06559419631958
Epoch 85 complete
Train Loss: 0.12261806869506836
Test Loss: 3.0626864433288574
Epoch 86 complete
Train Loss: 0.1220872564315796
Test Loss: 3.0559017658233643
Epoch 87 complete
Train Loss: 0.12224467420578003
Test Loss: 3.0418784618377686
Epoch 88 complete
Train Loss: 0.12228959751129151
Test Loss: 3.0399882793426514
Epoch 89 complete
Train Loss: 0.12203368806838989
Test Loss: 3.050940990447998
Epoch 90 complete
Train Loss: 0.1219512767791748
Test Loss: 3.031416654586792
Epoch 91 complete
Train Loss: 0.1221654281616211
Test Loss: 3.0480525493621826
Epoch 92 complete
Train Loss: 0.12164439678192139
Test Loss: 3.0271034240722656
Epoch 93 complete
Train Loss: 0.12157527208328248
Test Loss: 3.0427017211914062
Epoch 94 complete
Train Loss: 0.12132472276687623
Test Loss: 3.0137999057769775
Epoch 95 complete
Train Loss: 0.12207582092285156
Test Loss: 3.0341992378234863
Epoch 96 complete
Train Loss: 0.12169095039367676
Test Loss: 3.0146358013153076
Epoch 97 complete
Train Loss: 0.12148681020736694
Test Loss: 3.015115737915039
Epoch 98 complete
Train Loss: 0.12111386346817017
Test Loss: 3.032405138015747
Epoch 99 complete
Train Loss: 0.12159926462173462
Test Loss: 3.016871452331543
Epoch 100 complete
Train Loss: 0.12134987545013427
Test Loss: 3.0310518741607666
Epoch 101 complete
Train Loss: 0.12089106416702271
Test Loss: 3.015136957168579
Epoch 102 complete
Train Loss: 0.12077275085449218
Test Loss: 3.0278172492980957
Epoch 103 complete
Train Loss: 0.12129399728775024
Test Loss: 3.020761251449585
Epoch 104 complete
Train Loss: 0.12098947286605835
Test Loss: 3.0030746459960938
Epoch 105 complete
Train Loss: 0.12087053489685058
Test Loss: 2.999337911605835
Epoch 106 complete
Train Loss: 0.12093771362304688
Test Loss: 3.010009765625
Epoch 107 complete
Train Loss: 0.12038476848602295
Test Loss: 2.996764659881592
Epoch 108 complete
Train Loss: 0.12049018239974976
Test Loss: 3.0078601837158203
Epoch 109 complete
Train Loss: 0.12125570964813233
Test Loss: 2.993760824203491
Epoch 110 complete
Train Loss: 0.12067899560928344
Test Loss: 2.990464448928833
Epoch 111 complete
Train Loss: 0.12045353078842164
Test Loss: 3.000622272491455
Epoch 112 complete
Train Loss: 0.12061384344100952
Test Loss: 3.002392053604126
Epoch 113 complete
Train Loss: 0.12050718975067139
Test Loss: 2.990537166595459
Epoch 114 complete
Train Loss: 0.11991486310958863
Test Loss: 2.9863812923431396
Epoch 115 complete
Train Loss: 0.12088547754287719
Test Loss: 2.9708411693573
Epoch 116 complete
Train Loss: 0.1198615427017212
Test Loss: 2.9724292755126953
Epoch 117 complete
Train Loss: 0.12008192777633667
Test Loss: 2.977965831756592
Epoch 118 complete
Train Loss: 0.11927059936523438
Test Loss: 2.9745912551879883
Epoch 119 complete
Train Loss: 0.11814871978759765
Test Loss: 2.940453290939331
Epoch 120 complete
Train Loss: 0.11790669965744019
Test Loss: 2.9556643962860107
Epoch 121 complete
Train Loss: 0.11680134725570679
Test Loss: 2.9540913105010986
Epoch 122 complete
Train Loss: 0.11691091108322144
Test Loss: 2.950725555419922
Epoch 123 complete
Train Loss: 0.11683753824234008
Test Loss: 2.960313558578491
Epoch 124 complete
Train Loss: 0.1166830062866211
Test Loss: 2.9543285369873047
Epoch 125 complete
Train Loss: 0.11653787326812744
Test Loss: 2.9531443119049072
Epoch 126 complete
Train Loss: 0.11675728607177735
Test Loss: 2.9565975666046143
Epoch 127 complete
Train Loss: 0.11662290859222411
Test Loss: 2.9600090980529785
Epoch 128 complete
Train Loss: 0.11634723806381225
Test Loss: 2.952223539352417
Epoch 129 complete
Train Loss: 0.11641888475418091
Test Loss: 2.9599571228027344
Epoch 130 complete
Train Loss: 0.11697997283935548
Test Loss: 2.9509828090667725
Epoch 131 complete
Train Loss: 0.11577323150634766
Test Loss: 2.9586098194122314
Epoch 132 complete
Train Loss: 0.11692799186706543
Test Loss: 2.9544999599456787
Epoch 133 complete
Train Loss: 0.1158250036239624
Test Loss: 2.949953079223633
Epoch 134 complete
Train Loss: 0.11652492666244507
Test Loss: 2.9496066570281982
Epoch 135 complete
Train Loss: 0.11565617561340331
Test Loss: 2.949150800704956
Epoch 136 complete
Train Loss: 0.1162736439704895
Test Loss: 2.9480674266815186
Epoch 137 complete
Train Loss: 0.11579274845123291
Test Loss: 2.940286874771118
Epoch 138 complete
Train Loss: 0.11572564458847046
Test Loss: 2.9406559467315674
Epoch 139 complete
Train Loss: 0.11578279972076416
Test Loss: 2.9408490657806396
Epoch 140 complete
Train Loss: 0.11614140224456787
Test Loss: 2.950892448425293
Epoch 141 complete
Train Loss: 0.11580070161819458
Test Loss: 2.9481041431427
Epoch 142 complete
Train Loss: 0.11599993181228638
Test Loss: 2.942917585372925
Epoch 143 complete
Train Loss: 0.11597384452819824
Test Loss: 2.949861526489258
Epoch 144 complete
Train Loss: 0.11541710138320922
Test Loss: 2.941931962966919
Epoch 145 complete
Train Loss: 0.11571710777282715
Test Loss: 2.946864604949951
Epoch 146 complete
Train Loss: 0.11576554203033447
Test Loss: 2.941256046295166
Epoch 147 complete
Train Loss: 0.11545878219604493
Test Loss: 2.9460325241088867
Epoch 148 complete
Train Loss: 0.11606389236450196
Test Loss: 2.9385976791381836
Epoch 149 complete
Train Loss: 0.11545263290405273
Test Loss: 2.942598819732666
Epoch 150 complete
Train Loss: 0.1156681227684021
Test Loss: 2.9449706077575684
Epoch 151 complete
Train Loss: 0.11575939893722534
Test Loss: 2.946051836013794
Epoch 152 complete
Train Loss: 0.11559239625930787
Test Loss: 2.939469337463379
Epoch 153 complete
Train Loss: 0.11513178539276123
Test Loss: 2.9445791244506836
Epoch 154 complete
Train Loss: 0.11576762580871582
Test Loss: 2.944380283355713
Epoch 155 complete
Train Loss: 0.11533566188812255
Test Loss: 2.940565824508667
Epoch 156 complete
Train Loss: 0.11552947187423707
Test Loss: 2.941638231277466
Epoch 157 complete
Train Loss: 0.11551966381072998
Test Loss: 2.9369094371795654
Epoch 158 complete
Train Loss: 0.11527678489685059
Test Loss: 2.9425010681152344
Epoch 159 complete
Train Loss: 0.11546597862243653
Test Loss: 2.9371988773345947
Epoch 160 complete
Train Loss: 0.11519954633712769
Test Loss: 2.9475648403167725
Epoch 161 complete
Train Loss: 0.11525217008590698
Test Loss: 2.9473180770874023
Epoch 162 complete
Train Loss: 0.1150908613204956
Test Loss: 2.940236806869507
Epoch 163 complete
Train Loss: 0.11497335720062256
Test Loss: 2.941399097442627
Epoch 164 complete
Train Loss: 0.11472604560852051
Test Loss: 2.9436936378479004
Epoch 165 complete
Train Loss: 0.11499857234954834
Test Loss: 2.943157196044922
Epoch 166 complete
Train Loss: 0.1150830979347229
Test Loss: 2.9401490688323975
Epoch 167 complete
Train Loss: 0.11499394702911377
Test Loss: 2.942509412765503
Epoch 168 complete
Train Loss: 0.11500906658172608
Test Loss: 2.943430185317993
Epoch 169 complete
Train Loss: 0.11450601959228515
Test Loss: 2.9401068687438965
Epoch 170 complete
Train Loss: 0.11492630767822265
Test Loss: 2.9368531703948975
Epoch 171 complete
Train Loss: 0.11456844615936279
Test Loss: 2.9356331825256348
Epoch 172 complete
Train Loss: 0.11495681953430176
Test Loss: 2.929806709289551
Epoch 173 complete
Train Loss: 0.11442138719558716
Test Loss: 2.938302755355835
Epoch 174 complete
Train Loss: 0.11501108407974243
Test Loss: 2.9319422245025635
Epoch 175 complete
Train Loss: 0.11485976219177246
Test Loss: 2.934525489807129
Epoch 176 complete
Train Loss: 0.11443956041336059
Test Loss: 2.934304714202881
Epoch 177 complete
Train Loss: 0.11461448812484741
Test Loss: 2.9273838996887207
Epoch 178 complete
Train Loss: 0.11441533470153809
Test Loss: 2.929370164871216
Epoch 179 complete
Train Loss: 0.1146251106262207
Test Loss: 2.9299087524414062
Epoch 180 complete
Train Loss: 0.11457319641113281
Test Loss: 2.9219088554382324
Epoch 181 complete
Train Loss: 0.11448620414733887
Test Loss: 2.9224348068237305
Epoch 182 complete
Train Loss: 0.1143573408126831
Test Loss: 2.924508810043335
Epoch 183 complete
Train Loss: 0.11446641826629639
Test Loss: 2.9218525886535645
Epoch 184 complete
Train Loss: 0.11423319387435914
Test Loss: 2.920092821121216
Epoch 185 complete
Train Loss: 0.11451657962799072
Test Loss: 2.9238622188568115
Epoch 186 complete
Train Loss: 0.11435246658325195
Test Loss: 2.927959442138672
Epoch 187 complete
Train Loss: 0.11422524356842041
Test Loss: 2.9232537746429443
Epoch 188 complete
Train Loss: 0.11423048830032348
Test Loss: 2.9208290576934814
Epoch 189 complete
Train Loss: 0.11401790380477905
Test Loss: 2.9223084449768066
Epoch 190 complete
Train Loss: 0.11438151264190674
Test Loss: 2.9215996265411377
Epoch 191 complete
Train Loss: 0.11422227668762207
Test Loss: 2.921511650085449
Epoch 192 complete
Train Loss: 0.11429235124588012
Test Loss: 2.9221317768096924
Epoch 193 complete
Train Loss: 0.11390898418426514
Test Loss: 2.9139270782470703
Epoch 194 complete
Train Loss: 0.11386084842681884
Test Loss: 2.9207651615142822
Epoch 195 complete
Train Loss: 0.11423531103134155
Test Loss: 2.9206581115722656
Epoch 196 complete
Train Loss: 0.1141303768157959
Test Loss: 2.917755126953125
Epoch 197 complete
Train Loss: 0.11395888662338256
Test Loss: 2.9144999980926514
Epoch 198 complete
Train Loss: 0.11391669797897339
Test Loss: 2.9186713695526123
Epoch 199 complete
Train Loss: 0.11399091243743896
Test Loss: 2.9193835258483887
Epoch 200 complete
Train Loss: 0.11418993902206422
Test Loss: 2.9125852584838867
Epoch 201 complete
Train Loss: 0.11398366117477417
Test Loss: 2.91705060005188
Epoch 202 complete
Train Loss: 0.1140640630722046
Test Loss: 2.916093111038208
Epoch 203 complete
Train Loss: 0.11384298610687256
Test Loss: 2.9165468215942383
Epoch 204 complete
Train Loss: 0.11370416927337647
Test Loss: 2.9125068187713623
Epoch 205 complete
Train Loss: 0.11394220876693725
Test Loss: 2.9157862663269043
Epoch 206 complete
Train Loss: 0.11395447254180908
Test Loss: 2.910785675048828
Epoch 207 complete
Train Loss: 0.11400718975067138
Test Loss: 2.9169399738311768
Epoch 208 complete
Train Loss: 0.11363607358932495
Test Loss: 2.9170424938201904
Epoch 209 complete
Train Loss: 0.11401314306259155
Test Loss: 2.9174444675445557
Epoch 210 complete
Train Loss: 0.11340439033508301
Test Loss: 2.91667103767395
Epoch 211 complete
Train Loss: 0.11397735738754272
Test Loss: 2.9160048961639404
Epoch 212 complete
Train Loss: 0.11379872655868531
Test Loss: 2.9157280921936035
Epoch 213 complete
Train Loss: 0.11374847841262817
Test Loss: 2.9165101051330566
Epoch 214 complete
Train Loss: 0.11393710327148437
Test Loss: 2.916987895965576
Epoch 215 complete
Train Loss: 0.1136690697669983
Test Loss: 2.9182093143463135
Epoch 216 complete
Train Loss: 0.1138548583984375
Test Loss: 2.917470693588257
Epoch 217 complete
Train Loss: 0.11392039155960083
Test Loss: 2.9140677452087402
Epoch 218 complete
Train Loss: 0.1137314190864563
Test Loss: 2.9167919158935547
Epoch 219 complete
Train Loss: 0.11366852712631226
Test Loss: 2.917109727859497
Epoch 220 complete
Train Loss: 0.11386347246170044
Test Loss: 2.9154274463653564
Epoch 221 complete
Train Loss: 0.11370449590682984
Test Loss: 2.9158437252044678
Epoch 222 complete
Train Loss: 0.11384266901016235
Test Loss: 2.915815830230713
Epoch 223 complete
Train Loss: 0.11338295030593872
Test Loss: 2.9163882732391357
Epoch 224 complete
Train Loss: 0.11369638538360596
Test Loss: 2.908329725265503
Epoch 225 complete
Train Loss: 0.11344975423812866
Test Loss: 2.9134328365325928
Epoch 226 complete
Train Loss: 0.11378138399124145
Test Loss: 2.915250301361084
Epoch 227 complete
Train Loss: 0.1135662498474121
Test Loss: 2.9082353115081787
Epoch 228 complete
Train Loss: 0.11334650993347167
Test Loss: 2.915121078491211
Epoch 229 complete
Train Loss: 0.11370858669281006
Test Loss: 2.9142746925354004
Epoch 230 complete
Train Loss: 0.11353930759429931
Test Loss: 2.9140219688415527
Epoch 231 complete
Train Loss: 0.11361231803894042
Test Loss: 2.9146623611450195
Epoch 232 complete
Train Loss: 0.11384968662261963
Test Loss: 2.915229320526123
Epoch 233 complete
Train Loss: 0.11334164953231811
Test Loss: 2.9089856147766113
Epoch 234 complete
Train Loss: 0.1131371955871582
Test Loss: 2.913803815841675
Epoch 235 complete
Train Loss: 0.11363360595703124
Test Loss: 2.912867784500122
Epoch 236 complete
Train Loss: 0.11361721992492675
Test Loss: 2.91397762298584
Epoch 237 complete
Train Loss: 0.11344664716720582
Test Loss: 2.913536310195923
Epoch 238 complete
Train Loss: 0.11357363367080689
Test Loss: 2.908568859100342
Epoch 239 complete
Train Loss: 0.11345742797851563
Test Loss: 2.9064104557037354
Epoch 240 complete
Train Loss: 0.1136521577835083
Test Loss: 2.9131500720977783
Epoch 241 complete
Train Loss: 0.11329530429840087
Test Loss: 2.9129116535186768
Epoch 242 complete
Train Loss: 0.11340965366363526
Test Loss: 2.910928964614868
Epoch 243 complete
Train Loss: 0.11357848739624024
Test Loss: 2.912872076034546
Epoch 244 complete
Train Loss: 0.1132713851928711
Test Loss: 2.912336826324463
Epoch 245 complete
Train Loss: 0.11350306701660157
Test Loss: 2.9140524864196777
Epoch 246 complete
Train Loss: 0.11348401880264282
Test Loss: 2.901153326034546
Epoch 247 complete
Train Loss: 0.11342112302780151
Test Loss: 2.9128127098083496
Epoch 248 complete
Train Loss: 0.11391088628768921
Test Loss: 2.894155979156494
Epoch 249 complete
Train Loss: 0.11348942470550537
Test Loss: 2.8921587467193604
Epoch 250 complete
Train Loss: 0.11355828857421875
Test Loss: 2.901085376739502
Epoch 251 complete
Train Loss: 0.1136243600845337
Test Loss: 2.9019978046417236
Epoch 252 complete
Train Loss: 0.1136743450164795
Test Loss: 2.8933980464935303
Epoch 253 complete
Train Loss: 0.11394467782974244
Test Loss: 2.9082210063934326
Epoch 254 complete
Train Loss: 0.11362783765792847
Test Loss: 2.901308298110962
Epoch 255 complete
Train Loss: 0.1137018599510193
Test Loss: 2.9027695655822754
Epoch 256 complete
Train Loss: 0.11331041955947876
Test Loss: 2.90065860748291
Epoch 257 complete
Train Loss: 0.11392729330062866
Test Loss: 2.902149200439453
Epoch 258 complete
Train Loss: 0.11380807256698608
Test Loss: 2.9039466381073
Epoch 259 complete
Train Loss: 0.11364354467391968
Test Loss: 2.9016542434692383
Epoch 260 complete
Train Loss: 0.11379133844375611
Test Loss: 2.902066469192505
Epoch 261 complete
Train Loss: 0.11348655271530152
Test Loss: 2.901064395904541
Epoch 262 complete
Train Loss: 0.1138304238319397
Test Loss: 2.89913010597229
Epoch 263 complete
Train Loss: 0.11378267288208008
Test Loss: 2.9020636081695557
Epoch 264 complete
Train Loss: 0.11348435306549072
Test Loss: 2.8990111351013184
Epoch 265 complete
Train Loss: 0.11388245058059693
Test Loss: 2.900052547454834
Epoch 266 complete
Train Loss: 0.11352956438064575
Test Loss: 2.904542922973633
Epoch 267 complete
Train Loss: 0.11381595802307129
Test Loss: 2.8988037109375
Epoch 268 complete
Train Loss: 0.1138583436012268
Test Loss: 2.9012742042541504
Epoch 269 complete
Train Loss: 0.11328742742538452
Test Loss: 2.898547410964966
Epoch 270 complete
Train Loss: 0.11369369983673096
Test Loss: 2.9010870456695557
Epoch 271 complete
Train Loss: 0.11361841440200805
Test Loss: 2.8958184719085693
Epoch 272 complete
Train Loss: 0.11359816217422486
Test Loss: 2.898789405822754
Epoch 273 complete
Train Loss: 0.11355334281921386
Test Loss: 2.900291919708252
Epoch 274 complete
Train Loss: 0.11370844078063964
Test Loss: 2.8994686603546143
Epoch 275 complete
Train Loss: 0.1136940279006958
Test Loss: 2.9003055095672607
Epoch 276 complete
Train Loss: 0.11381479740142822
Test Loss: 2.9042675495147705
Epoch 277 complete
Train Loss: 0.1138127384185791
Test Loss: 2.8994736671447754
Epoch 278 complete
Train Loss: 0.1135841703414917
Test Loss: 2.8937551975250244
Epoch 279 complete
Train Loss: 0.11361915826797485
Test Loss: 2.9045891761779785
Epoch 280 complete
Train Loss: 0.1136327657699585
Test Loss: 2.9001595973968506
Epoch 281 complete
Train Loss: 0.11347523546218873
Test Loss: 2.891693353652954
Epoch 282 complete
Train Loss: 0.11375135278701783
Test Loss: 2.9001762866973877
Epoch 283 complete
Train Loss: 0.11342423963546754
Test Loss: 2.8995933532714844
Epoch 284 complete
Train Loss: 0.11372347164154052
Test Loss: 2.8993027210235596
slurmstepd-d-5-6-1: error: *** JOB 21297366 ON d-5-6-1 CANCELLED AT 2023-02-01T04:51:31 DUE TO TIME LIMIT ***
