Job started at 16:51:07
Data Loaded! Moving on to training...
Epoch 0 complete
Train Loss: 0.629686131477356
Test Loss: 3.74777889251709
Epoch 1 complete
Train Loss: 0.5961398224830627
Test Loss: 3.6326754093170166
Epoch 2 complete
Train Loss: 0.5715057005882264
Test Loss: 3.354477643966675
Epoch 3 complete
Train Loss: 0.5448038220405579
Test Loss: 3.3662097454071045
Epoch 4 complete
Train Loss: 0.5257048258781433
Test Loss: 3.2800018787384033
Epoch 5 complete
Train Loss: 0.506026725769043
Test Loss: 3.1428120136260986
Epoch 6 complete
Train Loss: 0.49269216871261595
Test Loss: 2.7853200435638428
Epoch 7 complete
Train Loss: 0.4754635148048401
Test Loss: 3.250753879547119
Epoch 8 complete
Train Loss: 0.4651440510749817
Test Loss: 3.023430585861206
Epoch 9 complete
Train Loss: 0.45401798105239866
Test Loss: 2.613557815551758
Epoch 10 complete
Train Loss: 0.44608876180648804
Test Loss: 2.5770890712738037
Epoch 11 complete
Train Loss: 0.4395203862190247
Test Loss: 2.5223515033721924
Epoch 12 complete
Train Loss: 0.4341978840827942
Test Loss: 2.8694891929626465
Epoch 13 complete
Train Loss: 0.42786808013916017
Test Loss: 2.47204852104187
Epoch 14 complete
Train Loss: 0.4191800389289856
Test Loss: 2.708024740219116
Epoch 15 complete
Train Loss: 0.42031857681274415
Test Loss: 2.7519607543945312
Epoch 16 complete
Train Loss: 0.4113321657180786
Test Loss: 2.725661039352417
Epoch 17 complete
Train Loss: 0.412603720664978
Test Loss: 2.7105672359466553
Epoch 18 complete
Train Loss: 0.4100007042884827
Test Loss: 2.698643684387207
Epoch 19 complete
Train Loss: 0.40678379726409913
Test Loss: 2.3400039672851562
Epoch 20 complete
Train Loss: 0.41083933734893796
Test Loss: 2.669511079788208
Epoch 21 complete
Train Loss: 0.41100854778289797
Test Loss: 2.661115884780884
Epoch 22 complete
Train Loss: 0.40756548166275025
Test Loss: 2.652829170227051
Epoch 23 complete
Train Loss: 0.4046011967658997
Test Loss: 2.3099098205566406
Epoch 24 complete
Train Loss: 0.4045090589523315
Test Loss: 2.647966146469116
Epoch 25 complete
Train Loss: 0.4046692576408386
Test Loss: 2.637312889099121
Epoch 26 complete
Train Loss: 0.40546269702911375
Test Loss: 2.6759328842163086
Epoch 27 complete
Train Loss: 0.4032882623672485
Test Loss: 2.63657808303833
Epoch 28 complete
Train Loss: 0.40537573289871215
Test Loss: 2.650820255279541
Epoch 29 complete
Train Loss: 0.4012361221313477
Test Loss: 2.6266446113586426
Epoch 30 complete
Train Loss: 0.40734832763671874
Test Loss: 2.6243302822113037
Epoch 31 complete
Train Loss: 0.39840123176574704
Test Loss: 2.751403570175171
Epoch 32 complete
Train Loss: 0.3992527275085449
Test Loss: 2.269916296005249
Epoch 33 complete
Train Loss: 0.4001022663116455
Test Loss: 2.2690000534057617
Epoch 34 complete
Train Loss: 0.4000047607421875
Test Loss: 2.592285394668579
Epoch 35 complete
Train Loss: 0.4010551166534424
Test Loss: 2.6090288162231445
Epoch 36 complete
Train Loss: 0.39510364532470704
Test Loss: 2.597421169281006
Epoch 37 complete
Train Loss: 0.39586634540557863
Test Loss: 2.59656023979187
Epoch 38 complete
Train Loss: 0.39230105352401734
Test Loss: 2.5928614139556885
Epoch 39 complete
Train Loss: 0.3925147352218628
Test Loss: 2.248748779296875
Epoch 40 complete
Train Loss: 0.40075035858154295
Test Loss: 2.588862895965576
Epoch 41 complete
Train Loss: 0.3967222580909729
Test Loss: 2.5860536098480225
Epoch 42 complete
Train Loss: 0.4006050958633423
Test Loss: 2.582817792892456
Epoch 43 complete
Train Loss: 0.3961008462905884
Test Loss: 2.582942247390747
Epoch 44 complete
Train Loss: 0.3956063046455383
Test Loss: 2.2882416248321533
Epoch 45 complete
Train Loss: 0.400826012134552
Test Loss: 2.587575912475586
Epoch 46 complete
Train Loss: 0.39550713062286375
Test Loss: 2.5863828659057617
Epoch 47 complete
Train Loss: 0.3964187541007996
Test Loss: 2.232292652130127
Epoch 48 complete
Train Loss: 0.4002337474822998
Test Loss: 2.5780887603759766
Epoch 49 complete
Train Loss: 0.38684429788589475
Test Loss: 2.229285478591919
Epoch 50 complete
Train Loss: 0.39443600940704343
Test Loss: 2.2294225692749023
Epoch 51 complete
Train Loss: 0.3925239930152893
Test Loss: 2.5716636180877686
Epoch 52 complete
Train Loss: 0.3981795363426209
Test Loss: 2.5677967071533203
Epoch 53 complete
Train Loss: 0.38779226207733153
Test Loss: 2.562974214553833
Epoch 54 complete
Train Loss: 0.39229712343215944
Test Loss: 2.2248570919036865
Epoch 55 complete
Train Loss: 0.3926506443023682
Test Loss: 2.567765712738037
Epoch 56 complete
Train Loss: 0.39510915899276733
Test Loss: 2.5690736770629883
Epoch 57 complete
Train Loss: 0.3921739377975464
Test Loss: 2.565720319747925
Epoch 58 complete
Train Loss: 0.3991444411277771
Test Loss: 2.2220659255981445
Epoch 59 complete
Train Loss: 0.39177635765075686
Test Loss: 2.2213828563690186
Epoch 60 complete
Train Loss: 0.39801989793777465
Test Loss: 2.2204294204711914
Epoch 61 complete
Train Loss: 0.39181721925735474
Test Loss: 2.5613510608673096
Epoch 62 complete
Train Loss: 0.3909189462661743
Test Loss: 2.5606698989868164
Epoch 63 complete
Train Loss: 0.3923634581565857
Test Loss: 2.5637450218200684
Epoch 64 complete
Train Loss: 0.39111750984191895
Test Loss: 2.5643372535705566
Epoch 65 complete
Train Loss: 0.38708414125442503
Test Loss: 2.218510389328003
Epoch 66 complete
Train Loss: 0.3937750091552734
Test Loss: 2.563308000564575
Epoch 67 complete
Train Loss: 0.3825345859527588
Test Loss: 2.230112314224243
Epoch 68 complete
Train Loss: 0.3885757417678833
Test Loss: 2.224385976791382
Epoch 69 complete
Train Loss: 0.3877440629005432
Test Loss: 2.2257614135742188
Epoch 70 complete
Train Loss: 0.3765578455924988
Test Loss: 2.2290642261505127
Epoch 71 complete
Train Loss: 0.38627661037445066
Test Loss: 2.552779197692871
Epoch 72 complete
Train Loss: 0.382185893535614
Test Loss: 2.549173355102539
Epoch 73 complete
Train Loss: 0.37994736623764036
Test Loss: 2.5499606132507324
Epoch 74 complete
Train Loss: 0.3782034339904785
Test Loss: 2.548062801361084
Epoch 75 complete
Train Loss: 0.3816318783760071
Test Loss: 2.220065116882324
Epoch 76 complete
Train Loss: 0.3819163398742676
Test Loss: 2.5509696006774902
Epoch 77 complete
Train Loss: 0.3795319952964783
Test Loss: 2.2257275581359863
Epoch 78 complete
Train Loss: 0.3789271674156189
Test Loss: 2.2236626148223877
slurmstepd-d-6-15-3: error: *** JOB 21297365 ON d-6-15-3 CANCELLED AT 2023-02-01T04:50:31 DUE TO TIME LIMIT ***
